<?xml version="1.0" encoding="UTF-8"?>
<!-- Generated by org.testng.reporters.JUnitReportReporter -->
<testsuite skipped="0" hostname="Matti-PC" name="com.db.config.test.DBconfigTest" tests="1" failures="0" timestamp="17 Apr 2019 00:19:23 GMT" time="0.948" errors="0">
  <testcase name="dbConfigTest" time="0.948" classname="com.db.config.test.DBconfigTest"/>
</testsuite> <!-- com.db.config.test.DBconfigTest -->
